<?xml version="1.0" encoding="UTF-8"?>
<testsuite xmlns:xsi="http://www.w3.org/2001/XMLSchema-instance" xsi:noNamespaceSchemaLocation="https://maven.apache.org/surefire/maven-surefire-plugin/xsd/surefire-test-report.xsd" version="3.0.2" name="net.yorksolutions.tsg.feedbackconsumer.ApplicationTests" time="2.628" tests="1" errors="0" skipped="0" failures="0">
  <properties>
[...]
</properties>
  <testcase name="contextLoads" classname="net.yorksolutions.tsg.feedbackconsumer.ApplicationTests" time="0.635">
    <system-out><![CDATA[08:37:21.946 [main] INFO org.springframework.test.context.support.AnnotationConfigContextLoaderUtils -- Could not detect default configuration classes for test class [net.yorksolutions.tsg.feedbackconsumer.ApplicationTests]: ApplicationTests does not declare any static, non-private, non-final, nested classes annotated with @Configuration.
08:37:22.048 [main] INFO org.springframework.boot.test.context.SpringBootTestContextBootstrapper -- Found @SpringBootConfiguration net.yorksolutions.tsg.feedbackconsumer.Application for test class net.yorksolutions.tsg.feedbackconsumer.ApplicationTests
08:37:22.169 [main] INFO org.springframework.boot.devtools.restart.RestartApplicationListener -- Restart disabled due to context in which it is running

  .   ____          _            __ _ _
 /\\ / ___'_ __ _ _(_)_ __  __ _ \ \ \ \
( ( )\___ | '_ | '_| | '_ \/ _` | \ \ \ \
 \\/  ___)| |_)| | | | | || (_| |  ) ) ) )
  '  |____| .__|_| |_|_| |_\__, | / / / /
 =========|_|==============|___/=/_/_/_/

 :: Spring Boot ::               (v3.4.11)

2025-11-20T08:37:22.417-06:00  INFO 40747 --- [tsg-9.27-TheAvengers-feedback-analytics-consumer] [           main] n.y.t.feedbackconsumer.ApplicationTests  : Starting ApplicationTests using Java 25 with PID 40747 (started by yorkmacbook040 in /Users/yorkmacbook040/Documents/tsg-final/tsg-9.27-TheAvengers-feedback-analytics-consumer)
2025-11-20T08:37:22.418-06:00 DEBUG 40747 --- [tsg-9.27-TheAvengers-feedback-analytics-consumer] [           main] n.y.t.feedbackconsumer.ApplicationTests  : Running with Spring Boot v3.4.11, Spring v6.2.12
2025-11-20T08:37:22.419-06:00  INFO 40747 --- [tsg-9.27-TheAvengers-feedback-analytics-consumer] [           main] n.y.t.feedbackconsumer.ApplicationTests  : No active profile set, falling back to 1 default profile: "default"
2025-11-20T08:37:23.636-06:00  INFO 40747 --- [tsg-9.27-TheAvengers-feedback-analytics-consumer] [           main] o.a.k.clients.consumer.ConsumerConfig    : ConsumerConfig values: 
	allow.auto.create.topics = true
	auto.commit.interval.ms = 5000
	auto.include.jmx.reporter = true
	auto.offset.reset = earliest
	bootstrap.servers = [localhost:12345]
	check.crcs = true
	client.dns.lookup = use_all_dns_ips
	client.id = consumer-feedback-analytics-consumer-1
	client.rack = 
	connections.max.idle.ms = 540000
	default.api.timeout.ms = 60000
	enable.auto.commit = false
	enable.metrics.push = true
	exclude.internal.topics = true
	fetch.max.bytes = 52428800
	fetch.max.wait.ms = 500
	fetch.min.bytes = 1
	group.id = feedback-analytics-consumer
	group.instance.id = null
	group.protocol = classic
	group.remote.assignor = null
	heartbeat.interval.ms = 3000
	interceptor.classes = []
	internal.leave.group.on.close = true
	internal.throw.on.fetch.stable.offset.unsupported = false
	isolation.level = read_uncommitted
	key.deserializer = class org.apache.kafka.common.serialization.StringDeserializer
	max.partition.fetch.bytes = 1048576
	max.poll.interval.ms = 300000
	max.poll.records = 500
	metadata.max.age.ms = 300000
	metadata.recovery.strategy = none
	metric.reporters = []
	metrics.num.samples = 2
	metrics.recording.level = INFO
	metrics.sample.window.ms = 30000
	partition.assignment.strategy = [class org.apache.kafka.clients.consumer.RangeAssignor, class org.apache.kafka.clients.consumer.CooperativeStickyAssignor]
	receive.buffer.bytes = 65536
	reconnect.backoff.max.ms = 1000
	reconnect.backoff.ms = 50
	request.timeout.ms = 30000
	retry.backoff.max.ms = 1000
	retry.backoff.ms = 100
	sasl.client.callback.handler.class = null
	sasl.jaas.config = null
	sasl.kerberos.kinit.cmd = /usr/bin/kinit
	sasl.kerberos.min.time.before.relogin = 60000
	sasl.kerberos.service.name = null
	sasl.kerberos.ticket.renew.jitter = 0.05
	sasl.kerberos.ticket.renew.window.factor = 0.8
	sasl.login.callback.handler.class = null
	sasl.login.class = null
	sasl.login.connect.timeout.ms = null
	sasl.login.read.timeout.ms = null
	sasl.login.refresh.buffer.seconds = 300
	sasl.login.refresh.min.period.seconds = 60
	sasl.login.refresh.window.factor = 0.8
	sasl.login.refresh.window.jitter = 0.05
	sasl.login.retry.backoff.max.ms = 10000
	sasl.login.retry.backoff.ms = 100
	sasl.mechanism = GSSAPI
	sasl.oauthbearer.clock.skew.seconds = 30
	sasl.oauthbearer.expected.audience = null
	sasl.oauthbearer.expected.issuer = null
	sasl.oauthbearer.jwks.endpoint.refresh.ms = 3600000
	sasl.oauthbearer.jwks.endpoint.retry.backoff.max.ms = 10000
	sasl.oauthbearer.jwks.endpoint.retry.backoff.ms = 100
	sasl.oauthbearer.jwks.endpoint.url = null
	sasl.oauthbearer.scope.claim.name = scope
	sasl.oauthbearer.sub.claim.name = sub
	sasl.oauthbearer.token.endpoint.url = null
	security.protocol = PLAINTEXT
	security.providers = null
	send.buffer.bytes = 131072
	session.timeout.ms = 45000
	socket.connection.setup.timeout.max.ms = 30000
	socket.connection.setup.timeout.ms = 10000
	ssl.cipher.suites = null
	ssl.enabled.protocols = [TLSv1.2, TLSv1.3]
	ssl.endpoint.identification.algorithm = https
	ssl.engine.factory.class = null
	ssl.key.password = null
	ssl.keymanager.algorithm = SunX509
	ssl.keystore.certificate.chain = null
	ssl.keystore.key = null
	ssl.keystore.location = null
	ssl.keystore.password = null
	ssl.keystore.type = JKS
	ssl.protocol = TLSv1.3
	ssl.provider = null
	ssl.secure.random.implementation = null
	ssl.trustmanager.algorithm = PKIX
	ssl.truststore.certificates = null
	ssl.truststore.location = null
	ssl.truststore.password = null
	ssl.truststore.type = JKS
	value.deserializer = class org.springframework.kafka.support.serializer.JsonDeserializer

2025-11-20T08:37:23.667-06:00  INFO 40747 --- [tsg-9.27-TheAvengers-feedback-analytics-consumer] [           main] o.a.k.c.t.i.KafkaMetricsCollector        : initializing Kafka metrics collector
2025-11-20T08:37:23.829-06:00  INFO 40747 --- [tsg-9.27-TheAvengers-feedback-analytics-consumer] [           main] o.a.kafka.common.utils.AppInfoParser     : Kafka version: 3.8.1
2025-11-20T08:37:23.830-06:00  INFO 40747 --- [tsg-9.27-TheAvengers-feedback-analytics-consumer] [           main] o.a.kafka.common.utils.AppInfoParser     : Kafka commitId: 70d6ff42debf7e17
2025-11-20T08:37:23.830-06:00  INFO 40747 --- [tsg-9.27-TheAvengers-feedback-analytics-consumer] [           main] o.a.kafka.common.utils.AppInfoParser     : Kafka startTimeMs: 1763649443828
2025-11-20T08:37:23.833-06:00  INFO 40747 --- [tsg-9.27-TheAvengers-feedback-analytics-consumer] [           main] o.a.k.c.c.internals.LegacyKafkaConsumer  : [Consumer clientId=consumer-feedback-analytics-consumer-1, groupId=feedback-analytics-consumer] Subscribed to topic(s): feedback-submitted
2025-11-20T08:37:23.850-06:00  INFO 40747 --- [tsg-9.27-TheAvengers-feedback-analytics-consumer] [           main] n.y.t.feedbackconsumer.ApplicationTests  : Started ApplicationTests in 1.69 seconds (process running for 2.506)
2025-11-20T08:37:24.034-06:00  INFO 40747 --- [tsg-9.27-TheAvengers-feedback-analytics-consumer] [ntainer#0-0-C-1] org.apache.kafka.clients.NetworkClient   : [Consumer clientId=consumer-feedback-analytics-consumer-1, groupId=feedback-analytics-consumer] Node -1 disconnected.
2025-11-20T08:37:24.035-06:00  WARN 40747 --- [tsg-9.27-TheAvengers-feedback-analytics-consumer] [ntainer#0-0-C-1] org.apache.kafka.clients.NetworkClient   : [Consumer clientId=consumer-feedback-analytics-consumer-1, groupId=feedback-analytics-consumer] Connection to node -1 (localhost/127.0.0.1:12345) could not be established. Node may not be available.
2025-11-20T08:37:24.036-06:00  WARN 40747 --- [tsg-9.27-TheAvengers-feedback-analytics-consumer] [ntainer#0-0-C-1] org.apache.kafka.clients.NetworkClient   : [Consumer clientId=consumer-feedback-analytics-consumer-1, groupId=feedback-analytics-consumer] Bootstrap broker localhost:12345 (id: -1 rack: null) disconnected
2025-11-20T08:37:24.160-06:00  INFO 40747 --- [tsg-9.27-TheAvengers-feedback-analytics-consumer] [ntainer#0-0-C-1] org.apache.kafka.clients.NetworkClient   : [Consumer clientId=consumer-feedback-analytics-consumer-1, groupId=feedback-analytics-consumer] Node -1 disconnected.
2025-11-20T08:37:24.160-06:00  WARN 40747 --- [tsg-9.27-TheAvengers-feedback-analytics-consumer] [ntainer#0-0-C-1] org.apache.kafka.clients.NetworkClient   : [Consumer clientId=consumer-feedback-analytics-consumer-1, groupId=feedback-analytics-consumer] Connection to node -1 (localhost/127.0.0.1:12345) could not be established. Node may not be available.
2025-11-20T08:37:24.160-06:00  WARN 40747 --- [tsg-9.27-TheAvengers-feedback-analytics-consumer] [ntainer#0-0-C-1] org.apache.kafka.clients.NetworkClient   : [Consumer clientId=consumer-feedback-analytics-consumer-1, groupId=feedback-analytics-consumer] Bootstrap broker localhost:12345 (id: -1 rack: null) disconnected
2025-11-20T08:37:24.314-06:00  INFO 40747 --- [tsg-9.27-TheAvengers-feedback-analytics-consumer] [ntainer#0-0-C-1] org.apache.kafka.clients.NetworkClient   : [Consumer clientId=consumer-feedback-analytics-consumer-1, groupId=feedback-analytics-consumer] Node -1 disconnected.
2025-11-20T08:37:24.314-06:00  WARN 40747 --- [tsg-9.27-TheAvengers-feedback-analytics-consumer] [ntainer#0-0-C-1] org.apache.kafka.clients.NetworkClient   : [Consumer clientId=consumer-feedback-analytics-consumer-1, groupId=feedback-analytics-consumer] Connection to node -1 (localhost/127.0.0.1:12345) could not be established. Node may not be available.
2025-11-20T08:37:24.314-06:00  WARN 40747 --- [tsg-9.27-TheAvengers-feedback-analytics-consumer] [ntainer#0-0-C-1] org.apache.kafka.clients.NetworkClient   : [Consumer clientId=consumer-feedback-analytics-consumer-1, groupId=feedback-analytics-consumer] Bootstrap broker localhost:12345 (id: -1 rack: null) disconnected
]]></system-out>
    <system-err><![CDATA[Nov 20, 2025 8:37:21 AM org.junit.platform.launcher.core.LauncherConfigurationParameters loadClasspathResource
WARNING: Discovered 3 'junit-platform.properties' configuration files on the classpath (see below); only the first (*) will be used.
- jar:file:/Users/yorkmacbook040/.m2/repository/org/apache/kafka/kafka-clients/3.8.1/kafka-clients-3.8.1-test.jar!/junit-platform.properties (*)
- jar:file:/Users/yorkmacbook040/.m2/repository/org/apache/kafka/kafka-server-common/3.8.1/kafka-server-common-3.8.1-test.jar!/junit-platform.properties
- jar:file:/Users/yorkmacbook040/.m2/repository/org/apache/kafka/kafka_2.13/3.8.1/kafka_2.13-3.8.1-test.jar!/junit-platform.properties
Nov 20, 2025 8:37:21 AM org.junit.platform.launcher.core.LauncherConfigurationParameters loadClasspathResource
WARNING: Discovered 3 'junit-platform.properties' configuration files on the classpath (see below); only the first (*) will be used.
- jar:file:/Users/yorkmacbook040/.m2/repository/org/apache/kafka/kafka-clients/3.8.1/kafka-clients-3.8.1-test.jar!/junit-platform.properties (*)
- jar:file:/Users/yorkmacbook040/.m2/repository/org/apache/kafka/kafka-server-common/3.8.1/kafka-server-common-3.8.1-test.jar!/junit-platform.properties
- jar:file:/Users/yorkmacbook040/.m2/repository/org/apache/kafka/kafka_2.13/3.8.1/kafka_2.13-3.8.1-test.jar!/junit-platform.properties
Nov 20, 2025 8:37:21 AM org.junit.platform.launcher.core.LauncherConfigurationParameters loadClasspathResource
WARNING: Discovered 3 'junit-platform.properties' configuration files on the classpath (see below); only the first (*) will be used.
- jar:file:/Users/yorkmacbook040/.m2/repository/org/apache/kafka/kafka-clients/3.8.1/kafka-clients-3.8.1-test.jar!/junit-platform.properties (*)
- jar:file:/Users/yorkmacbook040/.m2/repository/org/apache/kafka/kafka-server-common/3.8.1/kafka-server-common-3.8.1-test.jar!/junit-platform.properties
- jar:file:/Users/yorkmacbook040/.m2/repository/org/apache/kafka/kafka_2.13/3.8.1/kafka_2.13-3.8.1-test.jar!/junit-platform.properties
Nov 20, 2025 8:37:21 AM org.junit.platform.launcher.core.LauncherConfigurationParameters loadClasspathResource
WARNING: Discovered 3 'junit-platform.properties' configuration files on the classpath (see below); only the first (*) will be used.
- jar:file:/Users/yorkmacbook040/.m2/repository/org/apache/kafka/kafka-clients/3.8.1/kafka-clients-3.8.1-test.jar!/junit-platform.properties (*)
- jar:file:/Users/yorkmacbook040/.m2/repository/org/apache/kafka/kafka-server-common/3.8.1/kafka-server-common-3.8.1-test.jar!/junit-platform.properties
- jar:file:/Users/yorkmacbook040/.m2/repository/org/apache/kafka/kafka_2.13/3.8.1/kafka_2.13-3.8.1-test.jar!/junit-platform.properties
WARNING: A Java agent has been loaded dynamically (/Users/yorkmacbook040/.m2/repository/net/bytebuddy/byte-buddy-agent/1.15.11/byte-buddy-agent-1.15.11.jar)
WARNING: If a serviceability tool is in use, please run with -XX:+EnableDynamicAgentLoading to hide this warning
WARNING: If a serviceability tool is not in use, please run with -Djdk.instrument.traceUsage for more information
WARNING: Dynamic loading of agents will be disallowed by default in a future release
]]></system-err>
  </testcase>
</testsuite>